[debug] [2025-04-14T17:41:29.293Z] ----------------------------------------------------------------------
[debug] [2025-04-14T17:41:29.296Z] Command:       C:\Program Files\nodejs\node.exe C:\Users\nguye\AppData\Roaming\npm\node_modules\firebase-tools\lib\bin\firebase.js deploy
[debug] [2025-04-14T17:41:29.296Z] CLI Version:   14.1.0
[debug] [2025-04-14T17:41:29.296Z] Platform:      win32
[debug] [2025-04-14T17:41:29.296Z] Node Version:  v22.14.0
[debug] [2025-04-14T17:41:29.297Z] Time:          Tue Apr 15 2025 00:41:29 GMT+0700 (Indochina Time)
[debug] [2025-04-14T17:41:29.297Z] ----------------------------------------------------------------------
[debug] 
[debug] [2025-04-14T17:41:29.300Z] >>> [apiv2][query] GET https://firebase-public.firebaseio.com/cli.json [none]
[debug] [2025-04-14T17:41:29.568Z] > command requires scopes: ["email","openid","https://www.googleapis.com/auth/cloudplatformprojects.readonly","https://www.googleapis.com/auth/firebase","https://www.googleapis.com/auth/cloud-platform"]
[debug] [2025-04-14T17:41:29.568Z] > authorizing via signed-in user (huyphan8216@gmail.com)
[debug] [2025-04-14T17:41:29.569Z] [iam] checking project bluehotel-c6700 for permissions ["firebase.projects.get","firebasehosting.sites.update"]
[debug] [2025-04-14T17:41:29.569Z] Checked if tokens are valid: false, expires at: 1744567774027
[debug] [2025-04-14T17:41:29.569Z] Checked if tokens are valid: false, expires at: 1744567774027
[debug] [2025-04-14T17:41:29.570Z] > refreshing access token with scopes: []
[debug] [2025-04-14T17:41:29.570Z] >>> [apiv2][query] POST https://www.googleapis.com/oauth2/v3/token [none]
[debug] [2025-04-14T17:41:29.571Z] >>> [apiv2][body] POST https://www.googleapis.com/oauth2/v3/token [omitted]
[debug] [2025-04-14T17:41:29.805Z] <<< [apiv2][status] POST https://www.googleapis.com/oauth2/v3/token 200
[debug] [2025-04-14T17:41:29.805Z] <<< [apiv2][body] POST https://www.googleapis.com/oauth2/v3/token [omitted]
[debug] [2025-04-14T17:41:29.809Z] >>> [apiv2][query] POST https://cloudresourcemanager.googleapis.com/v1/projects/bluehotel-c6700:testIamPermissions [none]
[debug] [2025-04-14T17:41:29.809Z] >>> [apiv2][(partial)header] POST https://cloudresourcemanager.googleapis.com/v1/projects/bluehotel-c6700:testIamPermissions x-goog-quota-user=projects/bluehotel-c6700
[debug] [2025-04-14T17:41:29.809Z] >>> [apiv2][body] POST https://cloudresourcemanager.googleapis.com/v1/projects/bluehotel-c6700:testIamPermissions {"permissions":["firebase.projects.get","firebasehosting.sites.update"]}
[debug] [2025-04-14T17:41:30.095Z] <<< [apiv2][status] GET https://firebase-public.firebaseio.com/cli.json 200
[debug] [2025-04-14T17:41:30.095Z] <<< [apiv2][body] GET https://firebase-public.firebaseio.com/cli.json {"cloudBuildErrorAfter":1594252800000,"cloudBuildWarnAfter":1590019200000,"defaultNode10After":1594252800000,"minVersion":"3.0.5","node8DeploysDisabledAfter":1613390400000,"node8RuntimeDisabledAfter":1615809600000,"node8WarnAfter":1600128000000}
[debug] [2025-04-14T17:41:30.962Z] <<< [apiv2][status] POST https://cloudresourcemanager.googleapis.com/v1/projects/bluehotel-c6700:testIamPermissions 200
[debug] [2025-04-14T17:41:30.963Z] <<< [apiv2][body] POST https://cloudresourcemanager.googleapis.com/v1/projects/bluehotel-c6700:testIamPermissions {}
[debug] [2025-04-14T17:41:30.963Z] [iam] error while checking permissions, command may fail: Authorization failed. This account is missing the following required permissions on project bluehotel-c6700:

  firebase.projects.get
  firebasehosting.sites.update
[debug] [2025-04-14T17:41:30.965Z] Checked if tokens are valid: true, expires at: 1744656088805
[debug] [2025-04-14T17:41:30.966Z] Checked if tokens are valid: true, expires at: 1744656088805
[debug] [2025-04-14T17:41:30.967Z] >>> [apiv2][query] GET https://firebase.googleapis.com/v1beta1/projects/bluehotel-c6700 [none]
[debug] [2025-04-14T17:41:31.373Z] <<< [apiv2][status] GET https://firebase.googleapis.com/v1beta1/projects/bluehotel-c6700 403
[debug] [2025-04-14T17:41:31.373Z] <<< [apiv2][body] GET https://firebase.googleapis.com/v1beta1/projects/bluehotel-c6700 {"error":{"code":403,"message":"The caller does not have permission","status":"PERMISSION_DENIED"}}
[debug] [2025-04-14T17:41:31.375Z] Request to https://firebase.googleapis.com/v1beta1/projects/bluehotel-c6700 had HTTP Error: 403, The caller does not have permission
[debug] [2025-04-14T17:41:31.596Z] FirebaseError: Request to https://firebase.googleapis.com/v1beta1/projects/bluehotel-c6700 had HTTP Error: 403, The caller does not have permission
    at responseToError (C:\Users\nguye\AppData\Roaming\npm\node_modules\firebase-tools\lib\responseToError.js:52:12)
    at RetryOperation._fn (C:\Users\nguye\AppData\Roaming\npm\node_modules\firebase-tools\lib\apiv2.js:312:77)
    at process.processTicksAndRejections (node:internal/process/task_queues:105:5)
[error] 
[error] Error: Failed to get Firebase project bluehotel-c6700. Please make sure the project exists and your account has permission to access it.
